<?xml version="1.0" encoding="UTF-8"?>
<!-- Generated by org.testng.reporters.JUnitXMLReporter -->
<testsuite ignored="0" hostname="skiddie" failures="0" tests="7" name="Default test" time="10.259" errors="0" timestamp="2026-09-14T18:55:16 IST">
  <testcase classname="testt.shopeasetest" name="ValidcredentialsSignin" time="5.471"/>
  <testcase classname="testt.shopeasetest" name="viewdetails" time="0.199"/>
  <testcase classname="testt.shopeasetest" name="clickaddtocart" time="0.245"/>
  <testcase classname="testt.shopeasetest" name="couponcode" time="0.09"/>
  <testcase classname="testt.shopeasetest" name="checkout" time="0.186"/>
  <testcase classname="testt.shopeasetest" name="filldetails" time="0.295"/>
  <testcase classname="testt.shopeasetest" name="clickplaceorder" time="0.254"/>
</testsuite> <!-- Default test -->
