<?xml version="1.0" encoding="UTF-8"?>
<!-- Generated by org.testng.reporters.JUnitReportReporter -->
<testsuite hostname="skiddie" failures="0" tests="7" name="testt.shopeasetest" time="6.752" errors="0" timestamp="2026-09-14T18:55:16 IST" skipped="0">
  <testcase classname="testt.shopeasetest" name="ValidcredentialsSignin" time="5.472"/>
  <testcase classname="testt.shopeasetest" name="viewdetails" time="0.199"/>
  <testcase classname="testt.shopeasetest" name="clickaddtocart" time="0.246"/>
  <testcase classname="testt.shopeasetest" name="couponcode" time="0.091"/>
  <testcase classname="testt.shopeasetest" name="checkout" time="0.191"/>
  <testcase classname="testt.shopeasetest" name="filldetails" time="0.297"/>
  <testcase classname="testt.shopeasetest" name="clickplaceorder" time="0.256"/>
</testsuite> <!-- testt.shopeasetest -->
